<?xml version="1.0" encoding="UTF-8"?>
<!-- Generated by org.testng.reporters.JUnitReportReporter -->
<testsuite hostname="IN-PG02H8Q2" failures="0" tests="1" name="runner.TestRunner" time="0.000" errors="0" timestamp="03 Jun 2022 08:27:48 GMT" skipped="1">
  <testcase classname="runner.TestRunner" name="feature" time="0.000">
    <skipped/>
  </testcase> <!-- feature -->
</testsuite> <!-- runner.TestRunner -->
